[debug] [2021-07-06T15:47:24.865Z] ----------------------------------------------------------------------
[debug] [2021-07-06T15:47:24.867Z] Command:       C:\Program Files\nodejs\node.exe C:\Users\Admin\AppData\Roaming\npm\node_modules\firebase-tools\lib\bin\firebase.js init
[debug] [2021-07-06T15:47:24.867Z] CLI Version:   9.14.0
[debug] [2021-07-06T15:47:24.867Z] Platform:      win32
[debug] [2021-07-06T15:47:24.867Z] Node Version:  v14.17.0
[debug] [2021-07-06T15:47:24.869Z] Time:          Tue Jul 06 2021 21:17:24 GMT+0530 (India Standard Time)
[debug] [2021-07-06T15:47:24.869Z] ----------------------------------------------------------------------
[debug] 
[debug] [2021-07-06T15:47:24.877Z] > command requires scopes: ["email","openid","https://www.googleapis.com/auth/cloudplatformprojects.readonly","https://www.googleapis.com/auth/firebase","https://www.googleapis.com/auth/cloud-platform"]
[debug] [2021-07-06T15:47:24.877Z] > authorizing via signed-in user (shivamgavandi256@gmail.com)
[info] 
     ######## #### ########  ######## ########     ###     ######  ########
     ##        ##  ##     ## ##       ##     ##  ##   ##  ##       ##
     ######    ##  ########  ######   ########  #########  ######  ######
     ##        ##  ##    ##  ##       ##     ## ##     ##       ## ##
     ##       #### ##     ## ######## ########  ##     ##  ######  ########

You're about to initialize a Firebase project in this directory:

  C:\Users\Admin\Desktop\Projects\whatsapp-clone

[info] 
=== Project Setup
[info] 
[info] First, let's associate this project directory with a Firebase project.
[info] You can create multiple project aliases by running firebase use --add, 
[info] but for now we'll just set up a default project.
[info] 
[debug] [2021-07-06T15:48:07.164Z] >>> [apiv2][query] GET https://firebase.googleapis.com/v1beta1/projects pageSize=100
[debug] [2021-07-06T15:48:10.623Z] <<< [apiv2][status] GET https://firebase.googleapis.com/v1beta1/projects 200
[debug] [2021-07-06T15:48:10.623Z] <<< [apiv2][body] GET https://firebase.googleapis.com/v1beta1/projects [omitted]
[info] i  Using project whatsapp-clone-613cd (Whatsapp Clone) 
[info] 
=== Hosting:github Setup
[info] 
[info] i  Detected a .git folder at C:\Users\Admin\Desktop\Projects\whatsapp-clone 
[info] i  Authorizing with GitHub to upload your service account to a GitHub repository's secrets store. 
[info] 
[info] Visit this URL on this device to log in:
[info] https://github.com/login/oauth/authorize?client_id=89cf50f02ac6aaed3484&state=83621722&redirect_uri=http%3A%2F%2Flocalhost%3A9005&scope=read%3Auser%20repo%20public_repo
[info] 
[info] Waiting for authentication...
[debug] [2021-07-06T15:49:24.281Z] >>> HTTP REQUEST POST https://github.com/login/oauth/access_token  
 {"client_id":"89cf50f02ac6aaed3484","client_secret":"3330d14abc895d9a74d5f17cd7a00711fa2c5bf0","code":"1de94c63ba3674528e31","redirect_uri":"http://localhost:9005","state":"83621722"}
[debug] [2021-07-06T15:49:24.902Z] <<< HTTP RESPONSE 200 {"server":"GitHub.com","date":"Tue, 06 Jul 2021 15:49:27 GMT","content-type":"application/json; charset=utf-8","transfer-encoding":"chunked","vary":"X-PJAX, Accept-Encoding, Accept, X-Requested-With","permissions-policy":"interest-cohort=()","etag":"W/\"6211896fafd942e92fbfb5b6d4de3a47\"","cache-control":"max-age=0, private, must-revalidate","strict-transport-security":"max-age=31536000; includeSubdomains; preload","x-frame-options":"deny","x-content-type-options":"nosniff","x-xss-protection":"0","referrer-policy":"origin-when-cross-origin, strict-origin-when-cross-origin","expect-ct":"max-age=2592000, report-uri=\"https://api.github.com/_private/browser/errors\"","content-security-policy":"default-src 'none'; base-uri 'self'; block-all-mixed-content; connect-src 'self' uploads.github.com www.githubstatus.com collector.githubapp.com api.github.com github-cloud.s3.amazonaws.com github-production-repository-file-5c1aeb.s3.amazonaws.com github-production-upload-manifest-file-7fdce7.s3.amazonaws.com github-production-user-asset-6210df.s3.amazonaws.com cdn.optimizely.com logx.optimizely.com/v1/events translator.github.com wss://alive.github.com; font-src github.githubassets.com; form-action 'self' github.com gist.github.com; frame-ancestors 'none'; frame-src render.githubusercontent.com render-temp.githubusercontent.com viewscreen.githubusercontent.com; img-src 'self' data: github.githubassets.com identicons.github.com collector.githubapp.com github-cloud.s3.amazonaws.com secured-user-images.githubusercontent.com/ *.githubusercontent.com; manifest-src 'self'; media-src 'none'; script-src github.githubassets.com; style-src 'unsafe-inline' github.githubassets.com; worker-src github.com/socket-worker-3f088aa2.js gist.github.com/socket-worker-3f088aa2.js","x-github-request-id":"219E:5175:92BE43:9E8146:60E47B87"}
[debug] [2021-07-06T15:49:24.905Z] >>> [apiv2][query] GET https://api.github.com/user [none]
[debug] [2021-07-06T15:49:25.527Z] <<< [apiv2][status] GET https://api.github.com/user 200
[debug] [2021-07-06T15:49:25.528Z] <<< [apiv2][body] GET https://api.github.com/user {"login":"Shivam256","id":55736433,"node_id":"MDQ6VXNlcjU1NzM2NDMz","avatar_url":"https://avatars.githubusercontent.com/u/55736433?v=4","gravatar_id":"","url":"https://api.github.com/users/Shivam256","html_url":"https://github.com/Shivam256","followers_url":"https://api.github.com/users/Shivam256/followers","following_url":"https://api.github.com/users/Shivam256/following{/other_user}","gists_url":"https://api.github.com/users/Shivam256/gists{/gist_id}","starred_url":"https://api.github.com/users/Shivam256/starred{/owner}{/repo}","subscriptions_url":"https://api.github.com/users/Shivam256/subscriptions","organizations_url":"https://api.github.com/users/Shivam256/orgs","repos_url":"https://api.github.com/users/Shivam256/repos","events_url":"https://api.github.com/users/Shivam256/events{/privacy}","received_events_url":"https://api.github.com/users/Shivam256/received_events","type":"User","site_admin":false,"name":null,"company":null,"blog":"","location":null,"email":null,"hireable":null,"bio":null,"twitter_username":null,"public_repos":7,"public_gists":0,"followers":1,"following":1,"created_at":"2019-09-24T08:06:34Z","updated_at":"2021-07-06T15:49:26Z","private_gists":0,"total_private_repos":5,"owned_private_repos":5,"disk_usage":23464,"collaborators":0,"two_factor_authentication":false,"plan":{"name":"free","space":976562499,"collaborators":0,"private_repos":10000}}
[info] 
[info] +  Success! Logged into GitHub as Shivam256 
[info] 
[debug] [2021-07-06T15:50:29.125Z] >>> [apiv2][query] GET https://api.github.com/repos//actions/secrets/public-key type=owner
[debug] [2021-07-06T15:50:29.572Z] <<< [apiv2][status] GET https://api.github.com/repos//actions/secrets/public-key 404
[debug] [2021-07-06T15:50:29.572Z] <<< [apiv2][body] GET https://api.github.com/repos//actions/secrets/public-key {"message":"Not Found","documentation_url":"https://docs.github.com/rest"}
